Time	Cycle	PC	Insn	Decoded instruction	Register and memory contents
         160000	         6	00100080	2ca0006f	jal	x0,10034a	  x0=0x00000000
         180000	         8	0010034a	00000093	addi	x1,x0,0	  x0:0x00000000  x1=0x00000000
         190000	         9	0010034e	8106	c.mv	x2,x1	  x0:0x00000000  x1:0x00000000  x2=0x00000000
         200000	        10	00100350	8186	c.mv	x3,x1	  x0:0x00000000  x1:0x00000000  x3=0x00000000
         210000	        11	00100352	8206	c.mv	x4,x1	  x0:0x00000000  x1:0x00000000  x4=0x00000000
         220000	        12	00100354	8286	c.mv	x5,x1	  x0:0x00000000  x1:0x00000000  x5=0x00000000
         230000	        13	00100356	8306	c.mv	x6,x1	  x0:0x00000000  x1:0x00000000  x6=0x00000000
         240000	        14	00100358	8386	c.mv	x7,x1	  x0:0x00000000  x1:0x00000000  x7=0x00000000
         250000	        15	0010035a	8406	c.mv	x8,x1	  x0:0x00000000  x1:0x00000000  x8=0x00000000
         260000	        16	0010035c	8486	c.mv	x9,x1	  x0:0x00000000  x1:0x00000000  x9=0x00000000
         270000	        17	0010035e	8506	c.mv	x10,x1	  x0:0x00000000  x1:0x00000000 x10=0x00000000
         280000	        18	00100360	8586	c.mv	x11,x1	  x0:0x00000000  x1:0x00000000 x11=0x00000000
         290000	        19	00100362	8606	c.mv	x12,x1	  x0:0x00000000  x1:0x00000000 x12=0x00000000
         300000	        20	00100364	8686	c.mv	x13,x1	  x0:0x00000000  x1:0x00000000 x13=0x00000000
         310000	        21	00100366	8706	c.mv	x14,x1	  x0:0x00000000  x1:0x00000000 x14=0x00000000
         320000	        22	00100368	8786	c.mv	x15,x1	  x0:0x00000000  x1:0x00000000 x15=0x00000000
         330000	        23	0010036a	8806	c.mv	x16,x1	  x0:0x00000000  x1:0x00000000 x16=0x00000000
         340000	        24	0010036c	8886	c.mv	x17,x1	  x0:0x00000000  x1:0x00000000 x17=0x00000000
         350000	        25	0010036e	8906	c.mv	x18,x1	  x0:0x00000000  x1:0x00000000 x18=0x00000000
         360000	        26	00100370	8986	c.mv	x19,x1	  x0:0x00000000  x1:0x00000000 x19=0x00000000
         370000	        27	00100372	8a06	c.mv	x20,x1	  x0:0x00000000  x1:0x00000000 x20=0x00000000
         380000	        28	00100374	8a86	c.mv	x21,x1	  x0:0x00000000  x1:0x00000000 x21=0x00000000
         390000	        29	00100376	8b06	c.mv	x22,x1	  x0:0x00000000  x1:0x00000000 x22=0x00000000
         400000	        30	00100378	8b86	c.mv	x23,x1	  x0:0x00000000  x1:0x00000000 x23=0x00000000
         410000	        31	0010037a	8c06	c.mv	x24,x1	  x0:0x00000000  x1:0x00000000 x24=0x00000000
         420000	        32	0010037c	8c86	c.mv	x25,x1	  x0:0x00000000  x1:0x00000000 x25=0x00000000
         430000	        33	0010037e	8d06	c.mv	x26,x1	  x0:0x00000000  x1:0x00000000 x26=0x00000000
         440000	        34	00100380	8d86	c.mv	x27,x1	  x0:0x00000000  x1:0x00000000 x27=0x00000000
         450000	        35	00100382	8e06	c.mv	x28,x1	  x0:0x00000000  x1:0x00000000 x28=0x00000000
         460000	        36	00100384	8e86	c.mv	x29,x1	  x0:0x00000000  x1:0x00000000 x29=0x00000000
         470000	        37	00100386	8f06	c.mv	x30,x1	  x0:0x00000000  x1:0x00000000 x30=0x00000000
         480000	        38	00100388	8f86	c.mv	x31,x1	  x0:0x00000000  x1:0x00000000 x31=0x00000000
         490000	        39	0010038a	00038117	auipc	x2,0x38	  x2=0x0013838a
         500000	        40	0010038e	c7610113	addi	x2,x2,-906	  x2:0x0013838a  x2=0x00138000
         510000	        41	00100392	00000d17	auipc	x26,0x0	 x26=0x00100392
         520000	        42	00100396	13ed0d13	addi	x26,x26,318	 x26:0x00100392 x26=0x001004d0
         530000	        43	0010039a	00000d97	auipc	x27,0x0	 x27=0x0010039a
         540000	        44	0010039e	146d8d93	addi	x27,x27,326	 x27:0x0010039a x27=0x001004e0
         550000	        45	001003a2	01bd5763	bge	x26,x27,1003b0	 x26:0x001004d0 x27:0x001004e0
         570000	        47	001003a6	000d2023	sw	x0,0(x26)	 x26:0x001004d0  x0:0x00000000 PA:0x001004d0 store:0x00000000 load:0x00000000
         580000	        48	001003aa	0d11	c.addi	x26,4	 x26:0x001004d0 x26=0x001004d4
         600000	        50	001003ac	ffaddde3	bge	x27,x26,1003a6	 x27:0x001004e0 x26:0x001004d4
         640000	        54	001003a6	000d2023	sw	x0,0(x26)	 x26:0x001004d4  x0:0x00000000 PA:0x001004d4 store:0x00000000 load:0x00000000
         650000	        55	001003aa	0d11	c.addi	x26,4	 x26:0x001004d4 x26=0x001004d8
         670000	        57	001003ac	ffaddde3	bge	x27,x26,1003a6	 x27:0x001004e0 x26:0x001004d8
         710000	        61	001003a6	000d2023	sw	x0,0(x26)	 x26:0x001004d8  x0:0x00000000 PA:0x001004d8 store:0x00000000 load:0x00000000
         720000	        62	001003aa	0d11	c.addi	x26,4	 x26:0x001004d8 x26=0x001004dc
         740000	        64	001003ac	ffaddde3	bge	x27,x26,1003a6	 x27:0x001004e0 x26:0x001004dc
         780000	        68	001003a6	000d2023	sw	x0,0(x26)	 x26:0x001004dc  x0:0x00000000 PA:0x001004dc store:0x00000000 load:0x00000000
         790000	        69	001003aa	0d11	c.addi	x26,4	 x26:0x001004dc x26=0x001004e0
         810000	        71	001003ac	ffaddde3	bge	x27,x26,1003a6	 x27:0x001004e0 x26:0x001004e0
         850000	        75	001003a6	000d2023	sw	x0,0(x26)	 x26:0x001004e0  x0:0x00000000 PA:0x001004e0 store:0x00000000 load:0x00000000
         860000	        76	001003aa	0d11	c.addi	x26,4	 x26:0x001004e0 x26=0x001004e4
         870000	        77	001003ac	ffaddde3	bge	x27,x26,1003a6	 x27:0x001004e0 x26:0x001004e4
         880000	        78	001003b0	4501	c.li	x10,0	 x10=0x00000000
         890000	        79	001003b2	4581	c.li	x11,0	 x11=0x00000000
         910000	        81	001003b4	016000ef	jal	x1,1003ca	  x1=0x001003b8
         920000	        82	001003ca	1101	c.addi	x2,-32	  x2:0x00138000  x2=0x00137fe0
         940000	        84	001003cc	cc22	c.swsp	x8,24(x2)	  x2:0x00137fe0  x8:0x00000000 PA:0x00137ff8 store:0x00000000 load:0x00000000
         960000	        86	001003ce	ce06	c.swsp	x1,28(x2)	  x2:0x00137fe0  x1:0x001003b8 PA:0x00137ffc store:0x001003b8 load:0x00000000
         980000	        88	001003d0	ca26	c.swsp	x9,20(x2)	  x2:0x00137fe0  x9:0x00000000 PA:0x00137ff4 store:0x00000000 load:0x00000000
        1000000	        90	001003d2	c84a	c.swsp	x18,16(x2)	  x2:0x00137fe0 x18:0x00000000 PA:0x00137ff0 store:0x00000000 load:0x00000000
        1020000	        92	001003d4	c64e	c.swsp	x19,12(x2)	  x2:0x00137fe0 x19:0x00000000 PA:0x00137fec store:0x00000000 load:0x00000000
        1030000	        93	001003d6	547d	c.li	x8,-1	  x8=0xffffffff
        1040000	        94	001003d8	32041073	csrrw	x0,mcountinhibit,x0	  x0:0x00000000  x0=0x00000000
        1080000	        98	00100000	3420006f	jal	x0,100342	  x0=0x00000000
